2025-03-28 17:13:44.294882 - Received CBT.V508.FILE099.PDS from FILE099.XMI 
2025-03-28 17:13:44.295653 - Found $$$#DATE.txt (text/plain) in CBT.V508.FILE099.PDS, moved to PDS/$$$#DATE
2025-03-28 17:13:44.296218 - Found @FILE099.txt (text/plain) in CBT.V508.FILE099.PDS, moved to PDS/@FILE099
2025-03-28 17:13:44.296898 - Found ADDCOMMA.rexx (text/plain) in CBT.V508.FILE099.PDS, moved to PDS/ADDCOMMA
2025-03-28 17:13:44.297394 - Found DISPDD.rexx (text/plain) in CBT.V508.FILE099.PDS, moved to PDS/DISPDD
2025-03-28 17:13:44.297949 - Found DOALLEM.rexx (text/plain) in CBT.V508.FILE099.PDS, moved to PDS/DOALLEM
2025-03-28 17:13:44.298498 - Found EHEX.rexx (text/plain) in CBT.V508.FILE099.PDS, moved to PDS/EHEX
2025-03-28 17:13:44.299069 - Found EXIST.rexx (text/plain) in CBT.V508.FILE099.PDS, moved to PDS/EXIST
2025-03-28 17:13:44.299542 - Found GETIPLDT.rexx (text/plain) in CBT.V508.FILE099.PDS, moved to PDS/GETIPLDT
2025-03-28 17:13:44.300014 - Found GETJOBID.rexx (text/plain) in CBT.V508.FILE099.PDS, moved to PDS/GETJOBID
2025-03-28 17:13:44.300592 - Found GREPZOS.txt (text/plain) in CBT.V508.FILE099.PDS, moved to PDS/GREPZOS
2025-03-28 17:13:44.303975 - Found HEAPSORT.rexx (text/plain) in CBT.V508.FILE099.PDS, moved to PDS/HEAPSORT
2025-03-28 17:13:44.304347 - Found LABDEL.rexx (text/plain) in CBT.V508.FILE099.PDS, moved to PDS/LABDEL
2025-03-28 17:13:44.304816 - Found SLEEP.rexx (text/plain) in CBT.V508.FILE099.PDS, moved to PDS/SLEEP
2025-03-28 17:13:44.305345 - Found SORTBPX.rexx (text/plain) in CBT.V508.FILE099.PDS, moved to PDS/SORTBPX
2025-03-28 17:13:44.305868 - Found SRCHANYC.txt (text/plain) in CBT.V508.FILE099.PDS, moved to PDS/SRCHANYC
2025-03-28 17:13:44.306342 - Found STEMSORT.rexx (text/plain) in CBT.V508.FILE099.PDS, moved to PDS/STEMSORT
2025-03-28 17:13:44.306797 - Found SWAPEQ.rexx (text/plain) in CBT.V508.FILE099.PDS, moved to PDS/SWAPEQ
2025-03-28 17:13:44.307218 - Found TESTUID0.txt (text/plain) in CBT.V508.FILE099.PDS, moved to PDS/TESTUID0
2025-03-28 17:13:44.307682 - Found TSO8.rexx (text/plain) in CBT.V508.FILE099.PDS, moved to PDS/TSO8
2025-03-28 17:13:44.308731 - Found WHOSON.rexx (text/plain) in CBT.V508.FILE099.PDS, moved to PDS/WHOSON
